2018-11-06 16:17:52.040 [main] DEBUG com.tl.o2o.dao.ShopDao.insertShop - ==>  Preparing: insert into tb_shop( owner_id,area_id,shop_category_id,shop_name, shop_desc,shop_addr,phone,shop_img,priority,create_time, last_edit_time,enable_status,advice) values (?,?,?,?, ?,?,?,?,?,?, ?,?,?) 
2018-11-06 16:17:52.103 [main] DEBUG com.tl.o2o.dao.ShopDao.insertShop - ==> Parameters: 1(Long), 2(Integer), 1(Long), 测试1(String), test1(String), test1(String), test1(String), null, null, 2018-11-06 16:17:52.002(Timestamp), 2018-11-06 16:17:52.002(Timestamp), 0(Integer), 审核中(String)
2018-11-06 16:17:52.127 [main] DEBUG com.tl.o2o.dao.ShopDao.insertShop - <==    Updates: 1
2018-11-06 16:23:51.937 [main] DEBUG com.tl.o2o.dao.ShopDao.insertShop - ==>  Preparing: insert into tb_shop( owner_id,area_id,shop_category_id,shop_name, shop_desc,shop_addr,phone,shop_img,priority,create_time, last_edit_time,enable_status,advice) values (?,?,?,?, ?,?,?,?,?,?, ?,?,?) 
2018-11-06 16:23:52.002 [main] DEBUG com.tl.o2o.dao.ShopDao.insertShop - ==> Parameters: 1(Long), 2(Integer), 1(Long), 测试1(String), test1(String), test1(String), test1(String), null, null, 2018-11-06 16:23:51.896(Timestamp), 2018-11-06 16:23:51.896(Timestamp), 0(Integer), 审核中(String)
2018-11-06 16:23:52.004 [main] DEBUG com.tl.o2o.dao.ShopDao.insertShop - <==    Updates: 1
2018-11-06 16:24:47.197 [main] DEBUG com.tl.o2o.dao.ShopDao.insertShop - ==>  Preparing: insert into tb_shop( owner_id,area_id,shop_category_id,shop_name, shop_desc,shop_addr,phone,shop_img,priority,create_time, last_edit_time,enable_status,advice) values (?,?,?,?, ?,?,?,?,?,?, ?,?,?) 
2018-11-06 16:24:47.268 [main] DEBUG com.tl.o2o.dao.ShopDao.insertShop - ==> Parameters: 1(Long), 2(Integer), 1(Long), 测试1(String), test1(String), test1(String), test1(String), null, null, 2018-11-06 16:24:47.171(Timestamp), 2018-11-06 16:24:47.171(Timestamp), 0(Integer), 审核中(String)
2018-11-06 16:24:47.273 [main] DEBUG com.tl.o2o.dao.ShopDao.insertShop - <==    Updates: 1
2018-11-06 16:24:59.122 [main] DEBUG com.tl.o2o.dao.ShopDao.insertShop - ==>  Preparing: insert into tb_shop( owner_id,area_id,shop_category_id,shop_name, shop_desc,shop_addr,phone,shop_img,priority,create_time, last_edit_time,enable_status,advice) values (?,?,?,?, ?,?,?,?,?,?, ?,?,?) 
2018-11-06 16:24:59.185 [main] DEBUG com.tl.o2o.dao.ShopDao.insertShop - ==> Parameters: 1(Long), 2(Integer), 1(Long), 测试1(String), test1(String), test1(String), test1(String), null, null, 2018-11-06 16:24:59.089(Timestamp), 2018-11-06 16:24:59.089(Timestamp), 0(Integer), 审核中(String)
2018-11-06 16:24:59.189 [main] DEBUG com.tl.o2o.dao.ShopDao.insertShop - <==    Updates: 1
2018-11-06 16:26:11.380 [main] DEBUG com.tl.o2o.dao.ShopDao.insertShop - ==>  Preparing: insert into tb_shop( owner_id,area_id,shop_category_id,shop_name, shop_desc,shop_addr,phone,shop_img,priority,create_time, last_edit_time,enable_status,advice) values (?,?,?,?, ?,?,?,?,?,?, ?,?,?) 
2018-11-06 16:26:11.432 [main] DEBUG com.tl.o2o.dao.ShopDao.insertShop - ==> Parameters: 1(Long), 2(Integer), 1(Long), 测试1(String), test1(String), test1(String), test1(String), null, null, 2018-11-06 16:26:11.347(Timestamp), 2018-11-06 16:26:11.347(Timestamp), 0(Integer), 审核中(String)
2018-11-06 16:26:11.435 [main] DEBUG com.tl.o2o.dao.ShopDao.insertShop - <==    Updates: 1
2018-11-06 16:27:05.861 [main] DEBUG com.tl.o2o.dao.ShopDao.insertShop - ==>  Preparing: insert into tb_shop( owner_id,area_id,shop_category_id,shop_name, shop_desc,shop_addr,phone,shop_img,priority,create_time, last_edit_time,enable_status,advice) values (?,?,?,?, ?,?,?,?,?,?, ?,?,?) 
2018-11-06 16:27:05.925 [main] DEBUG com.tl.o2o.dao.ShopDao.insertShop - ==> Parameters: 1(Long), 2(Integer), 1(Long), 测试1(String), test1(String), test1(String), test1(String), null, null, 2018-11-06 16:27:05.825(Timestamp), 2018-11-06 16:27:05.825(Timestamp), 0(Integer), 审核中(String)
2018-11-06 16:27:05.928 [main] DEBUG com.tl.o2o.dao.ShopDao.insertShop - <==    Updates: 1
2018-11-06 16:35:59.230 [main] DEBUG com.tl.o2o.dao.ShopDao.insertShop - ==>  Preparing: insert into tb_shop( owner_id,area_id,shop_category_id,shop_name, shop_desc,shop_addr,phone,shop_img,priority,create_time, last_edit_time,enable_status,advice) values (?,?,?,?, ?,?,?,?,?,?, ?,?,?) 
2018-11-06 16:35:59.313 [main] DEBUG com.tl.o2o.dao.ShopDao.insertShop - ==> Parameters: 1(Long), 2(Integer), 1(Long), 测试1(String), test1(String), test1(String), test1(String), null, null, 2018-11-06 16:35:59.185(Timestamp), 2018-11-06 16:35:59.185(Timestamp), 0(Integer), 审核中(String)
2018-11-06 16:35:59.317 [main] DEBUG com.tl.o2o.dao.ShopDao.insertShop - <==    Updates: 1
2018-11-06 16:36:21.666 [main] DEBUG com.tl.o2o.dao.ShopDao.insertShop - ==>  Preparing: insert into tb_shop( owner_id,area_id,shop_category_id,shop_name, shop_desc,shop_addr,phone,shop_img,priority,create_time, last_edit_time,enable_status,advice) values (?,?,?,?, ?,?,?,?,?,?, ?,?,?) 
2018-11-06 16:36:21.714 [main] DEBUG com.tl.o2o.dao.ShopDao.insertShop - ==> Parameters: 1(Long), 2(Integer), 1(Long), 测试1(String), test1(String), test1(String), test1(String), null, null, 2018-11-06 16:36:21.633(Timestamp), 2018-11-06 16:36:21.633(Timestamp), 0(Integer), 审核中(String)
2018-11-06 16:36:21.717 [main] DEBUG com.tl.o2o.dao.ShopDao.insertShop - <==    Updates: 1
2018-11-06 16:38:30.258 [main] DEBUG com.tl.o2o.dao.ShopDao.insertShop - ==>  Preparing: insert into tb_shop( owner_id,area_id,shop_category_id,shop_name, shop_desc,shop_addr,phone,shop_img,priority,create_time, last_edit_time,enable_status,advice) values (?,?,?,?, ?,?,?,?,?,?, ?,?,?) 
2018-11-06 16:38:30.319 [main] DEBUG com.tl.o2o.dao.ShopDao.insertShop - ==> Parameters: 1(Long), 2(Integer), 1(Long), 测试1(String), test1(String), test1(String), test1(String), null, null, 2018-11-06 16:38:30.229(Timestamp), 2018-11-06 16:38:30.229(Timestamp), 0(Integer), 审核中(String)
2018-11-06 16:38:30.322 [main] DEBUG com.tl.o2o.dao.ShopDao.insertShop - <==    Updates: 1
2018-11-06 16:43:58.950 [main] DEBUG com.tl.o2o.dao.ShopDao.insertShop - ==>  Preparing: insert into tb_shop( owner_id,area_id,shop_category_id,shop_name, shop_desc,shop_addr,phone,shop_img,priority,create_time, last_edit_time,enable_status,advice) values (?,?,?,?, ?,?,?,?,?,?, ?,?,?) 
2018-11-06 16:43:59.018 [main] DEBUG com.tl.o2o.dao.ShopDao.insertShop - ==> Parameters: 1(Long), 2(Integer), 1(Long), 测试1(String), test1(String), test1(String), test1(String), null, null, 2018-11-06 16:43:58.912(Timestamp), 2018-11-06 16:43:58.912(Timestamp), 0(Integer), 审核中(String)
2018-11-06 16:43:59.020 [main] DEBUG com.tl.o2o.dao.ShopDao.insertShop - <==    Updates: 1
2018-11-06 16:45:28.511 [main] DEBUG com.tl.o2o.dao.ShopDao.insertShop - ==>  Preparing: insert into tb_shop( owner_id,area_id,shop_category_id,shop_name, shop_desc,shop_addr,phone,shop_img,priority,create_time, last_edit_time,enable_status,advice) values (?,?,?,?, ?,?,?,?,?,?, ?,?,?) 
2018-11-06 16:45:28.584 [main] DEBUG com.tl.o2o.dao.ShopDao.insertShop - ==> Parameters: 1(Long), 2(Integer), 1(Long), 测试1(String), test1(String), test1(String), test1(String), null, null, 2018-11-06 16:45:28.466(Timestamp), 2018-11-06 16:45:28.466(Timestamp), 0(Integer), 审核中(String)
2018-11-06 16:45:28.587 [main] DEBUG com.tl.o2o.dao.ShopDao.insertShop - <==    Updates: 1
2018-11-06 16:45:30.060 [main] DEBUG com.tl.o2o.dao.ShopDao.updateShop - ==>  Preparing: update tb_shop SET shop_name=?, shop_desc=?, shop_addr=?, phone=?, shop_img=?, last_edit_time=?, enable_status=?, advice=?, area_id=?, owner_id=?, shop_category_id=? where shop_id = ? 
2018-11-06 16:48:27.501 [main] DEBUG com.tl.o2o.dao.ShopDao.insertShop - ==>  Preparing: insert into tb_shop( owner_id,area_id,shop_category_id,shop_name, shop_desc,shop_addr,phone,shop_img,priority,create_time, last_edit_time,enable_status,advice) values (?,?,?,?, ?,?,?,?,?,?, ?,?,?) 
2018-11-06 16:48:27.567 [main] DEBUG com.tl.o2o.dao.ShopDao.insertShop - ==> Parameters: 1(Long), 2(Integer), 1(Long), 测试1(String), test1(String), test1(String), test1(String), null, null, 2018-11-06 16:48:27.465(Timestamp), 2018-11-06 16:48:27.465(Timestamp), 0(Integer), 审核中(String)
2018-11-06 16:48:27.570 [main] DEBUG com.tl.o2o.dao.ShopDao.insertShop - <==    Updates: 1
2018-11-06 16:54:01.076 [main] DEBUG com.tl.o2o.dao.ShopDao.updateShop - ==>  Preparing: update tb_shop SET shop_name=?, shop_desc=?, shop_addr=?, phone=?, shop_img=?, last_edit_time=?, enable_status=?, advice=?, area_id=?, owner_id=?, shop_category_id=? where shop_id = ? 
2018-11-06 16:59:38.842 [main] DEBUG com.tl.o2o.dao.ShopDao.insertShop - ==>  Preparing: insert into tb_shop( owner_id,area_id,shop_category_id,shop_name, shop_desc,shop_addr,phone,shop_img,priority,create_time, last_edit_time,enable_status,advice) values (?,?,?,?, ?,?,?,?,?,?, ?,?,?) 
2018-11-06 16:59:38.914 [main] DEBUG com.tl.o2o.dao.ShopDao.insertShop - ==> Parameters: 1(Long), 2(Integer), 1(Long), 测试1(String), test1(String), test1(String), test1(String), null, null, 2018-11-06 16:59:38.803(Timestamp), 2018-11-06 16:59:38.803(Timestamp), 0(Integer), 审核中(String)
2018-11-06 16:59:38.917 [main] DEBUG com.tl.o2o.dao.ShopDao.insertShop - <==    Updates: 1
2018-11-06 16:59:40.792 [main] DEBUG com.tl.o2o.dao.ShopDao.updateShop - ==>  Preparing: update tb_shop SET shop_name=?, shop_desc=?, shop_addr=?, phone=?, shop_img=?, last_edit_time=?, enable_status=?, advice=?, area_id=?, owner_id=?, shop_category_id=? where shop_id = ? 
2018-11-06 17:10:35.853 [main] DEBUG com.tl.o2o.dao.ShopDao.insertShop - ==>  Preparing: insert into tb_shop( owner_id,area_id,shop_category_id,shop_name, shop_desc,shop_addr,phone,shop_img,priority,create_time, last_edit_time,enable_status,advice) values (?,?,?,?, ?,?,?,?,?,?, ?,?,?) 
2018-11-06 17:10:35.924 [main] DEBUG com.tl.o2o.dao.ShopDao.insertShop - ==> Parameters: 1(Long), 2(Integer), 1(Long), 测试1(String), test1(String), test1(String), test1(String), null, null, 2018-11-06 17:10:35.807(Timestamp), 2018-11-06 17:10:35.807(Timestamp), 0(Integer), 审核中(String)
2018-11-06 17:10:35.927 [main] DEBUG com.tl.o2o.dao.ShopDao.insertShop - <==    Updates: 1
2018-11-06 17:10:37.786 [main] DEBUG com.tl.o2o.dao.ShopDao.updateShop - ==>  Preparing: update tb_shop SET shop_name=?, shop_desc=?, shop_addr=?, phone=?, shop_img=?, last_edit_time=?, enable_status=?, advice=?, area_id=?, owner_id=?, shop_category_id=? where shop_id = ? 
2018-11-06 17:11:30.966 [main] DEBUG com.tl.o2o.dao.ShopDao.insertShop - ==>  Preparing: insert into tb_shop( owner_id,area_id,shop_category_id,shop_name, shop_desc,shop_addr,phone,shop_img,priority,create_time, last_edit_time,enable_status,advice) values (?,?,?,?, ?,?,?,?,?,?, ?,?,?) 
2018-11-06 17:11:31.041 [main] DEBUG com.tl.o2o.dao.ShopDao.insertShop - ==> Parameters: 1(Long), 2(Integer), 1(Long), 测试1(String), test1(String), test1(String), test1(String), null, null, 2018-11-06 17:11:30.931(Timestamp), 2018-11-06 17:11:30.931(Timestamp), 0(Integer), 审核中(String)
2018-11-06 17:11:31.043 [main] DEBUG com.tl.o2o.dao.ShopDao.insertShop - <==    Updates: 1
2018-11-06 17:18:49.606 [main] DEBUG com.tl.o2o.dao.ShopDao.insertShop - ==>  Preparing: insert into tb_shop( owner_id,area_id,shop_category_id,shop_name, shop_desc,shop_addr,phone,shop_img,priority,create_time, last_edit_time,enable_status,advice) values (?,?,?,?, ?,?,?,?,?,?, ?,?,?) 
2018-11-06 17:18:49.677 [main] DEBUG com.tl.o2o.dao.ShopDao.insertShop - ==> Parameters: 1(Long), 2(Integer), 1(Long), 测试1(String), test1(String), test1(String), test1(String), null, null, 2018-11-06 17:18:49.577(Timestamp), 2018-11-06 17:18:49.577(Timestamp), 0(Integer), 审核中(String)
2018-11-06 17:18:49.680 [main] DEBUG com.tl.o2o.dao.ShopDao.insertShop - <==    Updates: 1
2018-11-06 17:18:50.431 [main] DEBUG com.tl.o2o.dao.ShopDao.updateShop - ==>  Preparing: update tb_shop SET shop_name=?, shop_desc=?, shop_addr=?, phone=?, shop_img=?, last_edit_time=?, enable_status=?, advice=?, area_id=?, owner_id=?, shop_category_id=? where shop_id = ? 
2018-11-06 17:19:18.116 [main] DEBUG com.tl.o2o.dao.ShopDao.insertShop - ==>  Preparing: insert into tb_shop( owner_id,area_id,shop_category_id,shop_name, shop_desc,shop_addr,phone,shop_img,priority,create_time, last_edit_time,enable_status,advice) values (?,?,?,?, ?,?,?,?,?,?, ?,?,?) 
2018-11-06 17:19:18.191 [main] DEBUG com.tl.o2o.dao.ShopDao.insertShop - ==> Parameters: 1(Long), 2(Integer), 1(Long), 测试1(String), test1(String), test1(String), test1(String), null, null, 2018-11-06 17:19:18.083(Timestamp), 2018-11-06 17:19:18.083(Timestamp), 0(Integer), 审核中(String)
2018-11-06 17:19:18.195 [main] DEBUG com.tl.o2o.dao.ShopDao.insertShop - <==    Updates: 1
2018-11-06 17:22:52.188 [main] DEBUG com.tl.o2o.dao.ShopDao.insertShop - ==>  Preparing: insert into tb_shop( owner_id,area_id,shop_category_id,shop_name, shop_desc,shop_addr,phone,shop_img,priority,create_time, last_edit_time,enable_status,advice) values (?,?,?,?, ?,?,?,?,?,?, ?,?,?) 
2018-11-06 17:22:52.255 [main] DEBUG com.tl.o2o.dao.ShopDao.insertShop - ==> Parameters: 1(Long), 2(Integer), 1(Long), 测试1(String), test1(String), test1(String), test1(String), null, null, 2018-11-06 17:22:52.155(Timestamp), 2018-11-06 17:22:52.155(Timestamp), 0(Integer), 审核中(String)
2018-11-06 17:22:52.258 [main] DEBUG com.tl.o2o.dao.ShopDao.insertShop - <==    Updates: 1
2018-11-06 17:22:57.454 [main] DEBUG com.tl.o2o.dao.ShopDao.updateShop - ==>  Preparing: update tb_shop SET shop_name=?, shop_desc=?, shop_addr=?, phone=?, shop_img=?, last_edit_time=?, enable_status=?, advice=?, area_id=?, owner_id=?, shop_category_id=? where shop_id = ? 
2018-11-06 17:23:28.273 [main] DEBUG com.tl.o2o.dao.ShopDao.insertShop - ==>  Preparing: insert into tb_shop( owner_id,area_id,shop_category_id,shop_name, shop_desc,shop_addr,phone,shop_img,priority,create_time, last_edit_time,enable_status,advice) values (?,?,?,?, ?,?,?,?,?,?, ?,?,?) 
2018-11-06 17:23:28.382 [main] DEBUG com.tl.o2o.dao.ShopDao.insertShop - ==> Parameters: 1(Long), 2(Integer), 1(Long), 测试1(String), test1(String), test1(String), test1(String), null, null, 2018-11-06 17:23:28.224(Timestamp), 2018-11-06 17:23:28.224(Timestamp), 0(Integer), 审核中(String)
2018-11-06 17:23:28.386 [main] DEBUG com.tl.o2o.dao.ShopDao.insertShop - <==    Updates: 1
2018-11-06 17:31:40.351 [main] DEBUG com.tl.o2o.dao.ShopDao.updateShop - ==>  Preparing: update tb_shop SET shop_name=?, shop_desc=?, shop_addr=?, phone=?, shop_img=?, last_edit_time=?, enable_status=?, advice=?, area_id=?, owner_id=?, shop_category_id=? where shop_id = ? 
2018-11-06 23:37:59.140 [main] DEBUG com.tl.o2o.dao.ShopDao.insertShop - ==>  Preparing: insert into tb_shop( owner_id,area_id,shop_category_id,shop_name, shop_desc,shop_addr,phone,shop_img,priority,create_time, last_edit_time,enable_status,advice) values (?,?,?,?, ?,?,?,?,?,?, ?,?,?) 
2018-11-06 23:37:59.203 [main] DEBUG com.tl.o2o.dao.ShopDao.insertShop - ==> Parameters: 1(Long), 2(Integer), 1(Long), 测试1(String), test1(String), test1(String), test1(String), null, null, 2018-11-06 23:37:59.114(Timestamp), 2018-11-06 23:37:59.114(Timestamp), 0(Integer), 审核中(String)
2018-11-06 23:37:59.210 [main] DEBUG com.tl.o2o.dao.ShopDao.insertShop - <==    Updates: 1
2018-11-06 23:37:59.963 [main] DEBUG com.tl.o2o.dao.ShopDao.updateShop - ==>  Preparing: update tb_shop SET shop_name=?, shop_desc=?, shop_addr=?, phone=?, shop_img=?, last_edit_time=?, enable_status=?, advice=?, area_id=?, owner_id=?, shop_category_id=? where shop_id = ? 
2018-11-06 23:42:09.784 [main] DEBUG com.tl.o2o.dao.ShopDao.insertShop - ==>  Preparing: insert into tb_shop( owner_id,area_id,shop_category_id,shop_name, shop_desc,shop_addr,phone,shop_img,priority,create_time, last_edit_time,enable_status,advice) values (?,?,?,?, ?,?,?,?,?,?, ?,?,?) 
2018-11-06 23:42:09.857 [main] DEBUG com.tl.o2o.dao.ShopDao.insertShop - ==> Parameters: 1(Long), 2(Integer), 1(Long), 测试1(String), test1(String), test1(String), test1(String), null, null, 2018-11-06 23:42:09.749(Timestamp), 2018-11-06 23:42:09.749(Timestamp), 0(Integer), 审核中(String)
2018-11-06 23:42:09.865 [main] DEBUG com.tl.o2o.dao.ShopDao.insertShop - <==    Updates: 1
2018-11-06 23:42:10.498 [main] DEBUG com.tl.o2o.dao.ShopDao.updateShop - ==>  Preparing: update tb_shop SET shop_name=?, shop_desc=?, shop_addr=?, phone=?, shop_img=?, last_edit_time=?, enable_status=?, advice=?, area_id=?, owner_id=?, shop_category_id=? where shop_id = ? 
2018-11-06 23:43:53.298 [main] DEBUG com.tl.o2o.dao.ShopDao.insertShop - ==>  Preparing: insert into tb_shop( owner_id,area_id,shop_category_id,shop_name, shop_desc,shop_addr,phone,shop_img,priority,create_time, last_edit_time,enable_status,advice) values (?,?,?,?, ?,?,?,?,?,?, ?,?,?) 
2018-11-06 23:43:53.373 [main] DEBUG com.tl.o2o.dao.ShopDao.insertShop - ==> Parameters: 1(Long), 2(Integer), 1(Long), 测试1(String), test1(String), test1(String), test1(String), null, null, 2018-11-06 23:43:53.255(Timestamp), 2018-11-06 23:43:53.255(Timestamp), 0(Integer), 审核中(String)
2018-11-06 23:43:53.382 [main] DEBUG com.tl.o2o.dao.ShopDao.insertShop - <==    Updates: 1
2018-11-06 23:43:54.103 [main] DEBUG com.tl.o2o.dao.ShopDao.updateShop - ==>  Preparing: update tb_shop SET shop_name=?, shop_desc=?, shop_addr=?, phone=?, shop_img=?, last_edit_time=?, enable_status=?, advice=?, area_id=?, owner_id=?, shop_category_id=? where shop_id = ? 
2018-11-06 23:44:21.678 [main] DEBUG com.tl.o2o.dao.ShopDao.insertShop - ==>  Preparing: insert into tb_shop( owner_id,area_id,shop_category_id,shop_name, shop_desc,shop_addr,phone,shop_img,priority,create_time, last_edit_time,enable_status,advice) values (?,?,?,?, ?,?,?,?,?,?, ?,?,?) 
2018-11-06 23:44:21.750 [main] DEBUG com.tl.o2o.dao.ShopDao.insertShop - ==> Parameters: 1(Long), 2(Integer), 1(Long), 测试1(String), test1(String), test1(String), test1(String), null, null, 2018-11-06 23:44:21.637(Timestamp), 2018-11-06 23:44:21.637(Timestamp), 0(Integer), 审核中(String)
2018-11-06 23:44:21.757 [main] DEBUG com.tl.o2o.dao.ShopDao.insertShop - <==    Updates: 1
2018-11-06 23:44:22.462 [main] DEBUG com.tl.o2o.dao.ShopDao.updateShop - ==>  Preparing: update tb_shop SET shop_name=?, shop_desc=?, shop_addr=?, phone=?, shop_img=?, last_edit_time=?, enable_status=?, advice=?, area_id=?, owner_id=?, shop_category_id=? where shop_id = ? 
2018-11-06 23:44:22.464 [main] DEBUG com.tl.o2o.dao.ShopDao.updateShop - ==> Parameters: 测试1(String), test1(String), test1(String), test1(String), home/o2o/shop/2/2018110623442136156.jpg(String), 2018-11-06 23:44:21.637(Timestamp), 0(Integer), 审核中(String), 2(Integer), 1(Long), 1(Long), null
2018-11-06 23:44:22.467 [main] DEBUG com.tl.o2o.dao.ShopDao.updateShop - <==    Updates: 0
2018-11-06 23:45:57.050 [main] DEBUG com.tl.o2o.dao.ShopDao.insertShop - ==>  Preparing: insert into tb_shop( owner_id,area_id,shop_category_id,shop_name, shop_desc,shop_addr,phone,shop_img,priority,create_time, last_edit_time,enable_status,advice) values (?,?,?,?, ?,?,?,?,?,?, ?,?,?) 
2018-11-06 23:45:57.124 [main] DEBUG com.tl.o2o.dao.ShopDao.insertShop - ==> Parameters: 1(Long), 2(Integer), 1(Long), 测试1(String), test1(String), test1(String), test1(String), null, null, 2018-11-06 23:45:57.009(Timestamp), 2018-11-06 23:45:57.009(Timestamp), 0(Integer), 审核中(String)
2018-11-06 23:45:57.126 [main] DEBUG com.tl.o2o.dao.ShopDao.insertShop - <==    Updates: 1
2018-11-06 23:46:43.598 [main] DEBUG com.tl.o2o.dao.ShopDao.updateShop - ==>  Preparing: update tb_shop SET shop_name=?, shop_desc=?, shop_addr=?, phone=?, shop_img=?, last_edit_time=?, enable_status=?, advice=?, area_id=?, owner_id=?, shop_category_id=? where shop_id = ? 
2018-11-06 23:46:43.603 [main] DEBUG com.tl.o2o.dao.ShopDao.updateShop - ==> Parameters: 测试1(String), test1(String), test1(String), test1(String), home/o2o/shop/2/2018110623460221038.jpg(String), 2018-11-06 23:45:57.009(Timestamp), 0(Integer), 审核中(String), 2(Integer), 1(Long), 1(Long), null
2018-11-06 23:46:43.606 [main] DEBUG com.tl.o2o.dao.ShopDao.updateShop - <==    Updates: 0
2018-11-06 23:47:16.110 [main] DEBUG com.tl.o2o.dao.ShopDao.insertShop - ==>  Preparing: insert into tb_shop( owner_id,area_id,shop_category_id,shop_name, shop_desc,shop_addr,phone,shop_img,priority,create_time, last_edit_time,enable_status,advice) values (?,?,?,?, ?,?,?,?,?,?, ?,?,?) 
2018-11-06 23:47:16.157 [main] DEBUG com.tl.o2o.dao.ShopDao.insertShop - ==> Parameters: 1(Long), 2(Integer), 1(Long), 测试1(String), test1(String), test1(String), test1(String), null, null, 2018-11-06 23:47:16.077(Timestamp), 2018-11-06 23:47:16.077(Timestamp), 0(Integer), 审核中(String)
2018-11-06 23:47:16.159 [main] DEBUG com.tl.o2o.dao.ShopDao.insertShop - <==    Updates: 1
2018-11-06 23:49:15.920 [main] DEBUG com.tl.o2o.dao.ShopDao.insertShop - ==>  Preparing: insert into tb_shop( owner_id,area_id,shop_category_id,shop_name, shop_desc,shop_addr,phone,shop_img,priority,create_time, last_edit_time,enable_status,advice) values (?,?,?,?, ?,?,?,?,?,?, ?,?,?) 
2018-11-06 23:49:15.986 [main] DEBUG com.tl.o2o.dao.ShopDao.insertShop - ==> Parameters: 1(Long), 2(Integer), 1(Long), 测试1(String), test1(String), test1(String), test1(String), null, null, 2018-11-06 23:49:15.88(Timestamp), 2018-11-06 23:49:15.88(Timestamp), 0(Integer), 审核中(String)
2018-11-06 23:49:15.989 [main] DEBUG com.tl.o2o.dao.ShopDao.insertShop - <==    Updates: 1
2018-11-06 23:49:16.654 [main] DEBUG com.tl.o2o.dao.ShopDao.updateShop - ==>  Preparing: update tb_shop SET shop_name=?, shop_desc=?, shop_addr=?, phone=?, shop_img=?, last_edit_time=?, enable_status=?, advice=?, area_id=?, owner_id=?, shop_category_id=? where shop_id = ? 
2018-11-06 23:49:16.656 [main] DEBUG com.tl.o2o.dao.ShopDao.updateShop - ==> Parameters: 测试1(String), test1(String), test1(String), test1(String), home/o2o/shop/2/2018110623491699872.jpg(String), 2018-11-06 23:49:15.88(Timestamp), 0(Integer), 审核中(String), 2(Integer), 1(Long), 1(Long), 1(Long)
2018-11-06 23:49:16.659 [main] DEBUG com.tl.o2o.dao.ShopDao.updateShop - <==    Updates: 1
2018-11-06 23:54:24.013 [main] DEBUG com.tl.o2o.dao.ShopDao.insertShop - ==>  Preparing: insert into tb_shop( owner_id,area_id,shop_category_id,shop_name, shop_desc,shop_addr,phone,shop_img,priority,create_time, last_edit_time,enable_status,advice) values (?,?,?,?, ?,?,?,?,?,?, ?,?,?) 
2018-11-06 23:54:24.080 [main] DEBUG com.tl.o2o.dao.ShopDao.insertShop - ==> Parameters: 1(Long), 2(Integer), 1(Long), 测试1(String), test1(String), test1(String), test1(String), null, null, 2018-11-06 23:54:23.978(Timestamp), 2018-11-06 23:54:23.978(Timestamp), 0(Integer), 审核中(String)
2018-11-06 23:54:24.083 [main] DEBUG com.tl.o2o.dao.ShopDao.insertShop - <==    Updates: 1
2018-11-06 23:54:41.005 [main] DEBUG com.tl.o2o.dao.ShopDao.updateShop - ==>  Preparing: update tb_shop SET shop_name=?, shop_desc=?, shop_addr=?, phone=?, shop_img=?, last_edit_time=?, enable_status=?, advice=?, area_id=?, owner_id=?, shop_category_id=? where shop_id = ? 
2018-11-06 23:54:41.006 [main] DEBUG com.tl.o2o.dao.ShopDao.updateShop - ==> Parameters: 测试1(String), test1(String), test1(String), test1(String), home/o2o/shop/2/2018110623542675092.jpg(String), 2018-11-06 23:54:23.978(Timestamp), 0(Integer), 审核中(String), 2(Integer), 1(Long), 1(Long), 1(Long)
2018-11-06 23:54:41.008 [main] DEBUG com.tl.o2o.dao.ShopDao.updateShop - <==    Updates: 1
